[1/2] STEP 1/2: FROM scratch AS ctx
[1/2] STEP 2/2: COPY build_files /
--> 055f5d4a5cb2
[2/2] STEP 1/5: FROM ghcr.io/ublue-os/bazzite-nvidia:stable
[2/2] STEP 2/5: RUN --mount=type=bind,from=ctx,source=/,target=/ctx     --mount=type=cache,dst=/var/cache     --mount=type=cache,dst=/var/log     --mount=type=tmpfs,dst=/tmp     /ctx/build.sh
+ dnf5 install -y tmux
Updating and loading repositories:
Repositories loaded.
Package "tmux-3.5a-7.fc43.x86_64" is already installed.

Nothing to do.
+ dnf5 install -y lutris
Updating and loading repositories:
Repositories loaded.
Nothing to do.
Package "lutris-0.5.22-1.fc43.x86_64" is already installed.

+ dnf5 install -y msr-tools
Updating and loading repositories:
Repositories loaded.
Total size of inbound packages is 20 KiB. Need to download 20 KiB.
After this operation, 38 KiB extra will be used (install 38 KiB, remove 0 B).
Package    Arch   Version     Repository      Size
Installing:
 msr-tools x86_64 1.3-30.fc43 fedora      38.3 KiB

Transaction Summary:
 Installing:         1 package

[1/1] msr-tools-0:1.3-30.fc43.x86_64    100% | 292.3 KiB/s |  19.9 KiB |  00m00s
--------------------------------------------------------------------------------
[1/1] Total                             100% |  15.0 KiB/s |  19.9 KiB |  00m01s
Running transaction
[1/3] Verify package files              100% |   0.0   B/s |   1.0   B |  00m00s
[2/3] Prepare transaction               100% |   1.0   B/s |   1.0   B |  00m01s
[3/3] Installing msr-tools-0:1.3-30.fc4 100% |  11.1 KiB/s |  39.9 KiB |  00m04s
Complete!
+ systemctl enable podman.socket
Created symlink '/etc/systemd/system/sockets.target.wants/podman.socket' → '/usr/lib/systemd/system/podman.socket'.
+ echo msr
--> b90609d03c65
[2/2] STEP 3/5: RUN --mount=type=bind,from=ctx,source=/,target=/ctx     --mount=type=cache,dst=/var/cache     --mount=type=cache,dst=/var/log     --mount=type=tmpfs,dst=/tmp     /ctx/linuwu-sense.sh
Integrating Linuwu-Sense into the image...
Cloning Linuwu-Sense repository...
Cloning into '/tmp/Linuwu-Sense'...
Removing signing block from Makefile...
Building and installing Linuwu-Sense...
make -C /lib/modules/6.17.7-ba28.fc43.x86_64/build M=/tmp/Linuwu-Sense modules
make[1]: Entering directory '/usr/src/kernels/6.17.7-ba28.fc43.x86_64'
make[2]: Entering directory '/tmp/Linuwu-Sense'
  CC [M]  src/linuwu_sense.o
  MODPOST Module.symvers
  CC [M]  src/linuwu_sense.mod.o
  CC [M]  .module-common.o
  LD [M]  src/linuwu_sense.ko
  BTF [M] src/linuwu_sense.ko
Skipping BTF generation for src/linuwu_sense.ko due to unavailability of vmlinux
make[2]: Leaving directory '/tmp/Linuwu-Sense'
make[1]: Leaving directory '/usr/src/kernels/6.17.7-ba28.fc43.x86_64'
Installing Linuwu-Sense module...
Blacklisting stock acer_wmi module...
Enabling linuwu_sense module at boot...
Linuwu-Sense integration complete.
--> b204403f1fd4
[2/2] STEP 4/5: RUN --mount=type=bind,from=ctx,source=/,target=/ctx     --mount=type=cache,dst=/var/cache     --mount=type=cache,dst=/var/log     --mount=type=tmpfs,dst=/tmp     /ctx/damx.sh
TERM environment variable not set.
[0;34m==========================================[0m
[0;34m    DAMX Remote Installer v1.0.0     [0m
[0;34m    Acer Laptop WMI Controls for Linux  [0m
[0;34m==========================================[0m

[0;34mChecking system compatibility...[0m
[0;32m✓ systemd found[0m
Kernel version: 6.17.7-ba28.fc43.x86_64
[0;32m✓ Kernel version 6.17 is supported[0m
Detected OS: Bazzite
[0;33mNote: Only Ubuntu is officially supported. Other distributions may work but are not guaranteed.[0m
[0;32mSystem compatibility check completed.[0m
/ctx/damx.sh: line 402: check_dependencies: command not found
[0;33mFetching latest release information...[0m
[0;32mLatest release found: DAMX v0.9.1[0m
Download URL: https://github.com/PXDiv/Div-Acer-Manager-Max/releases/download/v0.9.1/DAMX-0.9.1.tar.xz
[0;33mDownloading DAMX package...[0m
Downloading DAMX-0.9.1.tar.xz...
  % Total    % Received % Xferd  Average Speed   Time    Time     Time  Current
                                 Dload  Upload   Total   Spent    Left  Speed
  0     0    0     0    0     0      0      0 --:--:-- --:--:-- --:--:--     0  0     0    0     0    0     0      0      0 --:--:-- --:--:-- --:--:--     0
  6 45.8M    6 3200k    0     0  4331k      0  0:00:10 --:--:--  0:00:10 4331k 28 45.8M   28 13.2M    0     0  7801k      0  0:00:06  0:00:01  0:00:05 10.1M 50 45.8M   50 23.0M    0     0  8632k      0  0:00:05  0:00:02  0:00:03  9.9M 72 45.8M   72 33.0M    0     0  9054k      0  0:00:05  0:00:03  0:00:02  9.9M 94 45.8M   94 43.2M    0     0  9336k      0  0:00:05  0:00:04  0:00:01 10.0M100 45.8M  100 45.8M    0     0  9380k      0  0:00:05  0:00:05 --:--:-- 10.0M
Extracting package...
[0;32mPackage downloaded and extracted successfully.[0m

[0;34mStarting DAMX Suite installation...[0m
[0;34mPerforming cleanup before installation...[0m
[0;33mPerforming comprehensive cleanup...[0m
[0;33mChecking for legacy installations...[0m
Removing current installation files...
[0;32mComprehensive cleanup completed.[0m

[0;33mInstalling DAMX-Daemon...[0m
[0;33mInstalling DAMX-GUI...[0m
[0;32mDAMX-GUI installed successfully![0m
[0;31mSome components failed to install. Please check the errors above.[0m
[0;31mInstallation failed. Please check the errors above.[0m
/ctx/damx.sh: line 310: [: -eq: unary operator expected
[0;33mCleaning up temporary files...[0m
--> 2de8aec429d0
[2/2] STEP 5/5: RUN bootc container lint
Lint warning: nonempty-run-tmp: Found content in runtime-only directories (/run, /tmp):
  /run/dnf
  /run/systemd
  /run/systemd/resolve

Lint warning: var-tmpfiles: Found content in /var missing systemd tmpfiles.d entries:
  d /var/opt/damx 0755 root root - -
  d /var/opt/damx/daemon 0755 root root - -
  d /var/opt/damx/gui 0755 root root - -
  d /var/usrlocal/bin 0755 root root - -
Found non-directory/non-symlink files in /var:
  var/opt/damx/daemon/DAMX-Daemon
  var/opt/damx/gui/DivAcerManagerMax
  var/opt/damx/gui/icon.png
  var/opt/damx/gui/iconTransparent.png
  var/usrlocal/bin/DAMX

Checks passed: 11
Checks skipped: 1
Warnings: 2
[2/2] COMMIT glowing-octo-couscous-bazz:latest
--> 3c3e52c962cd
Successfully tagged localhost/glowing-octo-couscous-bazz:latest
3c3e52c962cd90a8a1d355eef724c4bc23f754781f1c1a8ccea0f88880616a30
